p:\proiectdelapaul\myframework\myframework\debug\vc120.pdb
p:\proiectdelapaul\myframework\myframework\debug\vc120.idb
p:\proiectdelapaul\myframework\myframework\debug\profileslistmenu.obj
p:\proiectdelapaul\myframework\myframework\debug\profile.obj
p:\proiectdelapaul\myframework\myframework\debug\profilesmanager.obj
p:\proiectdelapaul\myframework\myframework\debug\buttoncomponent.obj
p:\proiectdelapaul\myframework\myframework\debug\checkboxcomponent.obj
p:\proiectdelapaul\myframework\myframework\debug\component.obj
p:\proiectdelapaul\myframework\myframework\debug\editabletextbox.obj
p:\proiectdelapaul\myframework\myframework\debug\object.obj
p:\proiectdelapaul\myframework\myframework\debug\objecthelpers.obj
p:\proiectdelapaul\myframework\myframework\debug\playermovementcomponent.obj
p:\proiectdelapaul\myframework\myframework\debug\scene.obj
p:\proiectdelapaul\myframework\myframework\debug\spritecomponent.obj
p:\proiectdelapaul\myframework\myframework\debug\spritesheetcomponent.obj
p:\proiectdelapaul\myframework\myframework\debug\textcomponent.obj
p:\proiectdelapaul\myframework\myframework\debug\texthighlightercomponent.obj
p:\proiectdelapaul\myframework\myframework\debug\stat.obj
p:\proiectdelapaul\myframework\myframework\debug\tinystr.obj
p:\proiectdelapaul\myframework\myframework\debug\tinyxml.obj
p:\proiectdelapaul\myframework\myframework\debug\tinyxmlerror.obj
p:\proiectdelapaul\myframework\myframework\debug\tinyxmlparser.obj
p:\proiectdelapaul\myframework\myframework\debug\app.obj
p:\proiectdelapaul\myframework\myframework\debug\consoleinputhandler.obj
p:\proiectdelapaul\myframework\myframework\debug\componentcreator.obj
p:\proiectdelapaul\myframework\myframework\debug\componentcreatorimpl.obj
p:\proiectdelapaul\myframework\myframework\debug\componentfactory.obj
p:\proiectdelapaul\myframework\myframework\debug\helpers.obj
p:\proiectdelapaul\myframework\myframework\debug\rng.obj
p:\proiectdelapaul\myframework\myframework\debug\input.obj
p:\proiectdelapaul\myframework\myframework\debug\main.obj
p:\proiectdelapaul\myframework\myframework\debug\map.obj
p:\proiectdelapaul\myframework\myframework\debug\mapcomponent.obj
p:\proiectdelapaul\myframework\myframework\debug\mapgenerator.obj
p:\proiectdelapaul\myframework\myframework\debug\tile.obj
p:\proiectdelapaul\myframework\myframework\debug\gamepausedmenu.obj
p:\proiectdelapaul\myframework\myframework\debug\maingame.obj
p:\proiectdelapaul\myframework\myframework\debug\mainmenu.obj
p:\proiectdelapaul\myframework\myframework\debug\menuhandler.obj
p:\proiectdelapaul\myframework\myframework\debug\optionsmanager.obj
p:\proiectdelapaul\myframework\myframework\debug\optionsmenu.obj
p:\proiectdelapaul\myframework\myframework\debug\profilecreationmenu.obj
p:\proiectdelapaul\myframework\myframework\debug\consolecommandshandler.obj
p:\proiectdelapaul\myframework\myframework\debug\consolecomponent.obj
p:\proiectdelapaul\myframework\myframework\debug\particlesystemcomponent.obj
p:\proiectdelapaul\myframework\myframework\debug\explosiontypegenerator.obj
p:\proiectdelapaul\myframework\myframework\debug\particle.obj
p:\proiectdelapaul\myframework\myframework\debug\particlegenerator.obj
p:\proiectdelapaul\myframework\myframework\debug\particlecontainer.obj
p:\proiectdelapaul\myframework\myframework\debug\particlephysics.obj
p:\proiectdelapaul\myframework\debug\myframework.ilk
p:\proiectdelapaul\myframework\debug\myframework.exe
p:\proiectdelapaul\myframework\debug\myframework.pdb
p:\proiectdelapaul\myframework\myframework\debug\myframework.tlog\cl.command.1.tlog
p:\proiectdelapaul\myframework\myframework\debug\myframework.tlog\cl.read.1.tlog
p:\proiectdelapaul\myframework\myframework\debug\myframework.tlog\cl.write.1.tlog
p:\proiectdelapaul\myframework\myframework\debug\myframework.tlog\link.9360-cvtres.read.1.tlog
p:\proiectdelapaul\myframework\myframework\debug\myframework.tlog\link.9360-cvtres.write.1.tlog
p:\proiectdelapaul\myframework\myframework\debug\myframework.tlog\link.9360-rc.read.1.tlog
p:\proiectdelapaul\myframework\myframework\debug\myframework.tlog\link.9360-rc.write.1.tlog
p:\proiectdelapaul\myframework\myframework\debug\myframework.tlog\link.9360.read.1.tlog
p:\proiectdelapaul\myframework\myframework\debug\myframework.tlog\link.9360.write.1.tlog
p:\proiectdelapaul\myframework\myframework\debug\myframework.tlog\link.command.1.tlog
p:\proiectdelapaul\myframework\myframework\debug\myframework.tlog\link.read.1.tlog
p:\proiectdelapaul\myframework\myframework\debug\myframework.tlog\link.write.1.tlog
